<?xml version="1.0" encoding="UTF-8"?>
<!-- Generated by org.testng.reporters.JUnitXMLReporter -->
<testsuite ignored="3" hostname="TYSS-Akash-Deb" failures="0" tests="1" name="Test" time="11.309" errors="0" timestamp="04 May 2024 12:04:36 GMT">
  <testcase classname="vtiger.leads_module.ToCreateALeadTest" name="toCreateALeadAndToVerifyTheLeadinformationTest" time="5.778"/>
  <testcase classname="vtiger.genericUtility.BaseClass" name="@AfterSuite as" time="0.0">
    <ignored/>
  </testcase> <!-- @AfterSuite as -->
  <testcase classname="vtiger.genericUtility.BaseClass" name="@BeforeSuite bs" time="0.0">
    <ignored/>
  </testcase> <!-- @BeforeSuite bs -->
  <testcase classname="vtiger.opportunity_module.ToCreateOpportunityTest" name="createOpportunityAndVerifyOpportunity" time="0.0">
    <ignored/>
  </testcase> <!-- createOpportunityAndVerifyOpportunity -->
</testsuite> <!-- Test -->
